<?xml version="1.0" encoding="UTF-8"?>
<!-- Generated by org.testng.reporters.JUnitXMLReporter -->
<testsuite ignored="0" hostname="Madhu_Sudhakar" failures="0" tests="4" name="Test" time="135.292" errors="0" timestamp="2024-03-06T17:43:44 IST">
  <testcase classname="OpenWeather.ZenoAssigment.MainTest" name="cityWeather" time="14.08"/>
  <testcase classname="OpenWeather.ZenoAssigment.MainTest" name="incorrectCityNameWeather" time="14.075"/>
  <testcase classname="OpenWeather.ZenoAssigment.MainTest" name="mapLayer" time="10.606"/>
  <testcase classname="OpenWeather.ZenoAssigment.MainTest" name="weatherDetails" time="11.699"/>
</testsuite> <!-- Test -->
